<?xml version="1.0" encoding="UTF-8"?><testsuite errors="1" failures="0" name="ru.mail.propre.features.authentication.WhenAuthenticating" skipped="0" tests="1" time="46.77" timestamp="2019-01-31 03:26:28"><testcase classname="ru.mail.propre.features.authentication.WhenAuthenticating" name="Should be able to login as admin"><error message="Failed to connect to binary FirefoxBinary(C:\Program Files\Mozilla Firefox\firefox.exe) on port 7055; process output follows: &#10;,&quot;32&quot;:&quot;icons/lightbulb.svg&quot;,&quot;48&quot;:&quot;icons/lightbulb.svg&quot;,&quot;96&quot;:&quot;icons/lightbulb.svg&quot;,&quot;128&quot;:&quot;icons/lightbulb.svg&quot;},&quot;iconURL&quot;:null,&quot;blocklistState&quot;:0,&quot;blocklistURL&quot;:null,&quot;startupData&quot;:null,&quot;hidden&quot;:true,&quot;installTelemetryInfo&quot;:null,&quot;location&quot;:&quot;app-system-defaults&quot;}&#13;&#10;1548937590106&#9;addons.xpi&#9;DEBUG&#9;Updating XPIState for {&quot;id&quot;:&quot;webcompat@mozilla.org&quot;,&quot;syncGUID&quot;:&quot;{54f46ec6-4fb3-4dd1-96a2-a7a424ae7bf1}&quot;,&quot;version&quot;:&quot;3.0.0&quot;,&quot;type&quot;:&quot;extension&quot;,&quot;loader&quot;:null,&quot;updateURL&quot;:null,&quot;optionsURL&quot;:null,&quot;optionsType&quot;:null,&quot;optionsBrowserStyle&quot;:true,&quot;aboutURL&quot;:null,&quot;defaultLocale&quot;:{&quot;name&quot;:&quot;Web Compat&quot;,&quot;description&quot;:&quot;Urgent post-release fixes for web compatibility.&quot;,&quot;creator&quot;:null,&quot;developers&quot;:null,&quot;translators&quot;:null,&quot;contributors&quot;:null},&quot;visible&quot;:true,&quot;active&quot;:true,&quot;userDisabled&quot;:false,&quot;appDisabled&quot;:false,&quot;installDate&quot;:1548361023534,&quot;updateDate&quot;:1548361023534,&quot;applyBackgroundUpdates&quot;:1,&quot;path&quot;:&quot;C:\\Program Files\\Mozilla Firefox\\browser\\features\\webcompat@mozilla.org.xpi&quot;,&quot;skinnable&quot;:false,&quot;sourceURI&quot;:null,&quot;releaseNotesURI&quot;:null,&quot;softDisabled&quot;:false,&quot;foreignInstall&quot;:false,&quot;strictCompatibility&quot;:true,&quot;locales&quot;:[],&quot;targetApplications&quot;:[{&quot;id&quot;:&quot;toolkit@mozilla.org&quot;,&quot;minVersion&quot;:&quot;59.0b5&quot;,&quot;maxVersion&quot;:null}],&quot;targetPlatforms&quot;:[],&quot;seen&quot;:true,&quot;dependencies&quot;:[],&quot;userPermissions&quot;:{&quot;permissions&quot;:[&quot;webRequest&quot;,&quot;webRequestBlocking&quot;],&quot;origins&quot;:[&quot;&lt;all_urls&gt;&quot;]},&quot;icons&quot;:{},&quot;iconURL&quot;:null,&quot;blocklistState&quot;:0,&quot;blocklistURL&quot;:null,&quot;startupData&quot;:null,&quot;hidden&quot;:true,&quot;installTelemetryInfo&quot;:null,&quot;location&quot;:&quot;app-system-defaults&quot;}&#13;&#10;1548937590106&#9;addons.xpi-utils&#9;DEBUG&#9;Updating add-on states&#13;&#10;1548937590108&#9;addons.xpi&#9;DEBUG&#9;Calling bootstrap method startup on formautofill@mozilla.org version 1.0&#13;&#10;1548937590109&#9;addons.xpi&#9;DEBUG&#9;Calling bootstrap method startup on screenshots@mozilla.org version 35.0.0&#13;&#10;1548937590109&#9;addons.xpi&#9;DEBUG&#9;Calling bootstrap method startup on webcompat@mozilla.org version 3.0.0&#13;&#10;1548937590110&#9;addons.manager&#9;DEBUG&#9;Registering shutdown blocker for XPIProvider&#13;&#10;1548937590110&#9;addons.manager&#9;DEBUG&#9;Provider finished startup: XPIProvider&#13;&#10;1548937590110&#9;addons.manager&#9;DEBUG&#9;Starting provider: LightweightThemeManager&#13;&#10;1548937590110&#9;addons.manager&#9;DEBUG&#9;Registering shutdown blocker for LightweightThemeManager&#13;&#10;1548937590110&#9;addons.manager&#9;DEBUG&#9;Provider finished startup: LightweightThemeManager&#13;&#10;1548937590111&#9;addons.manager&#9;DEBUG&#9;Starting provider: GMPProvider&#13;&#10;1548937590112&#9;addons.manager&#9;DEBUG&#9;Registering shutdown blocker for GMPProvider&#13;&#10;1548937590112&#9;addons.manager&#9;DEBUG&#9;Provider finished startup: GMPProvider&#13;&#10;1548937590112&#9;addons.manager&#9;DEBUG&#9;Starting provider: PluginProvider&#13;&#10;1548937590112&#9;addons.manager&#9;DEBUG&#9;Registering shutdown blocker for PluginProvider&#13;&#10;1548937590112&#9;addons.manager&#9;DEBUG&#9;Provider finished startup: PluginProvider&#13;&#10;1548937590114&#9;addons.manager&#9;DEBUG&#9;Completed startup sequence&#13;&#10;1548937590545&#9;addons.repository&#9;DEBUG&#9;No addons.json found.&#13;&#10;1548937590847&#9;addons.manager&#9;DEBUG&#9;Registering upgrade listener for formautofill@mozilla.org&#13;&#10;1548937590873&#9;addons.xpi&#9;DEBUG&#9;Ignoring file: name is not a valid add-on ID: C:\Users\AChernousov\AppData\Local\Temp\anonymous8205030145523728333webdriver-profile\extensions\webdriver-staging&#13;&#10;1548937590873&#9;addons.xpi&#9;DEBUG&#9;Existing add-on formautofill@mozilla.org in app-system-defaults&#13;&#10;1548937590873&#9;addons.xpi&#9;DEBUG&#9;Existing add-on screenshots@mozilla.org in app-system-defaults&#13;&#10;1548937590874&#9;addons.xpi&#9;DEBUG&#9;Existing add-on webcompat-reporter@mozilla.org in app-system-defaults&#13;&#10;1548937590874&#9;addons.xpi&#9;DEBUG&#9;Existing add-on webcompat@mozilla.org in app-system-defaults&#13;&#10;1548937590874&#9;addons.xpi&#9;DEBUG&#9;scanForChanges changed: false, state: {}&#13;&#10;JavaScript error: resource://gre/modules/addons/XPIProvider.jsm, line 2625: TypeError: addon is null&#13;&#10;JavaScript error: resource://devtools/client/shared/vendor/react-dom.js, line 33: Error: Minified React error #31; visit https://reactjs.org/docs/error-decoder.html?invariant=31&amp;args[]=object%20with%20keys%20%7Btype%2C%20initial%2C%20length%2C%20actor%7D&amp;args[]= for the full message or use the non-minified dev environment for full errors and additional helpful warnings. &#13;&#10;&#10;Build info: version: '2.53.1', revision: 'a36b8b1cd5757287168e54b817830adce9b0158d', time: '2016-06-30 19:26:09'&#10;System info: host: 'WSACHERNOUSOV', ip: '169.254.183.166', os.name: 'Windows 10', os.arch: 'amd64', os.version: '10.0', java.version: '1.8.0_191'&#10;Driver info: driver.version: FirefoxDriver" type="org.openqa.selenium.WebDriverException">Failed to connect to binary FirefoxBinary(C:\Program Files\Mozilla Firefox\firefox.exe) on port 7055; process output follows: 
,"32":"icons/lightbulb.svg","48":"icons/lightbulb.svg","96":"icons/lightbulb.svg","128":"icons/lightbulb.svg"},"iconURL":null,"blocklistState":0,"blocklistURL":null,"startupData":null,"hidden":true,"installTelemetryInfo":null,"location":"app-system-defaults"}&#13;
1548937590106	addons.xpi	DEBUG	Updating XPIState for {"id":"webcompat@mozilla.org","syncGUID":"{54f46ec6-4fb3-4dd1-96a2-a7a424ae7bf1}","version":"3.0.0","type":"extension","loader":null,"updateURL":null,"optionsURL":null,"optionsType":null,"optionsBrowserStyle":true,"aboutURL":null,"defaultLocale":{"name":"Web Compat","description":"Urgent post-release fixes for web compatibility.","creator":null,"developers":null,"translators":null,"contributors":null},"visible":true,"active":true,"userDisabled":false,"appDisabled":false,"installDate":1548361023534,"updateDate":1548361023534,"applyBackgroundUpdates":1,"path":"C:\\Program Files\\Mozilla Firefox\\browser\\features\\webcompat@mozilla.org.xpi","skinnable":false,"sourceURI":null,"releaseNotesURI":null,"softDisabled":false,"foreignInstall":false,"strictCompatibility":true,"locales":[],"targetApplications":[{"id":"toolkit@mozilla.org","minVersion":"59.0b5","maxVersion":null}],"targetPlatforms":[],"seen":true,"dependencies":[],"userPermissions":{"permissions":["webRequest","webRequestBlocking"],"origins":["&lt;all_urls&gt;"]},"icons":{},"iconURL":null,"blocklistState":0,"blocklistURL":null,"startupData":null,"hidden":true,"installTelemetryInfo":null,"location":"app-system-defaults"}&#13;
1548937590106	addons.xpi-utils	DEBUG	Updating add-on states&#13;
1548937590108	addons.xpi	DEBUG	Calling bootstrap method startup on formautofill@mozilla.org version 1.0&#13;
1548937590109	addons.xpi	DEBUG	Calling bootstrap method startup on screenshots@mozilla.org version 35.0.0&#13;
1548937590109	addons.xpi	DEBUG	Calling bootstrap method startup on webcompat@mozilla.org version 3.0.0&#13;
1548937590110	addons.manager	DEBUG	Registering shutdown blocker for XPIProvider&#13;
1548937590110	addons.manager	DEBUG	Provider finished startup: XPIProvider&#13;
1548937590110	addons.manager	DEBUG	Starting provider: LightweightThemeManager&#13;
1548937590110	addons.manager	DEBUG	Registering shutdown blocker for LightweightThemeManager&#13;
1548937590110	addons.manager	DEBUG	Provider finished startup: LightweightThemeManager&#13;
1548937590111	addons.manager	DEBUG	Starting provider: GMPProvider&#13;
1548937590112	addons.manager	DEBUG	Registering shutdown blocker for GMPProvider&#13;
1548937590112	addons.manager	DEBUG	Provider finished startup: GMPProvider&#13;
1548937590112	addons.manager	DEBUG	Starting provider: PluginProvider&#13;
1548937590112	addons.manager	DEBUG	Registering shutdown blocker for PluginProvider&#13;
1548937590112	addons.manager	DEBUG	Provider finished startup: PluginProvider&#13;
1548937590114	addons.manager	DEBUG	Completed startup sequence&#13;
1548937590545	addons.repository	DEBUG	No addons.json found.&#13;
1548937590847	addons.manager	DEBUG	Registering upgrade listener for formautofill@mozilla.org&#13;
1548937590873	addons.xpi	DEBUG	Ignoring file: name is not a valid add-on ID: C:\Users\AChernousov\AppData\Local\Temp\anonymous8205030145523728333webdriver-profile\extensions\webdriver-staging&#13;
1548937590873	addons.xpi	DEBUG	Existing add-on formautofill@mozilla.org in app-system-defaults&#13;
1548937590873	addons.xpi	DEBUG	Existing add-on screenshots@mozilla.org in app-system-defaults&#13;
1548937590874	addons.xpi	DEBUG	Existing add-on webcompat-reporter@mozilla.org in app-system-defaults&#13;
1548937590874	addons.xpi	DEBUG	Existing add-on webcompat@mozilla.org in app-system-defaults&#13;
1548937590874	addons.xpi	DEBUG	scanForChanges changed: false, state: {}&#13;
JavaScript error: resource://gre/modules/addons/XPIProvider.jsm, line 2625: TypeError: addon is null&#13;
JavaScript error: resource://devtools/client/shared/vendor/react-dom.js, line 33: Error: Minified React error #31; visit https://reactjs.org/docs/error-decoder.html?invariant=31&amp;args[]=object%20with%20keys%20%7Btype%2C%20initial%2C%20length%2C%20actor%7D&amp;args[]= for the full message or use the non-minified dev environment for full errors and additional helpful warnings. &#13;

Build info: version: '2.53.1', revision: 'a36b8b1cd5757287168e54b817830adce9b0158d', time: '2016-06-30 19:26:09'
System info: host: 'WSACHERNOUSOV', ip: '169.254.183.166', os.name: 'Windows 10', os.arch: 'amd64', os.version: '10.0', java.version: '1.8.0_191'
Driver info: driver.version: FirefoxDriver</error><system-err>Failed to connect to binary FirefoxBinary(C:\Program Files\Mozilla Firefox\firefox.exe) on port 7055; process output follows: 
,"32":"icons/lightbulb.svg","48":"icons/lightbulb.svg","96":"icons/lightbulb.svg","128":"icons/lightbulb.svg"},"iconURL":null,"blocklistState":0,"blocklistURL":null,"startupData":null,"hidden":true,"installTelemetryInfo":null,"location":"app-system-defaults"}&#13;
1548937590106	addons.xpi	DEBUG	Updating XPIState for {"id":"webcompat@mozilla.org","syncGUID":"{54f46ec6-4fb3-4dd1-96a2-a7a424ae7bf1}","version":"3.0.0","type":"extension","loader":null,"updateURL":null,"optionsURL":null,"optionsType":null,"optionsBrowserStyle":true,"aboutURL":null,"defaultLocale":{"name":"Web Compat","description":"Urgent post-release fixes for web compatibility.","creator":null,"developers":null,"translators":null,"contributors":null},"visible":true,"active":true,"userDisabled":false,"appDisabled":false,"installDate":1548361023534,"updateDate":1548361023534,"applyBackgroundUpdates":1,"path":"C:\\Program Files\\Mozilla Firefox\\browser\\features\\webcompat@mozilla.org.xpi","skinnable":false,"sourceURI":null,"releaseNotesURI":null,"softDisabled":false,"foreignInstall":false,"strictCompatibility":true,"locales":[],"targetApplications":[{"id":"toolkit@mozilla.org","minVersion":"59.0b5","maxVersion":null}],"targetPlatforms":[],"seen":true,"dependencies":[],"userPermissions":{"permissions":["webRequest","webRequestBlocking"],"origins":["&lt;all_urls&gt;"]},"icons":{},"iconURL":null,"blocklistState":0,"blocklistURL":null,"startupData":null,"hidden":true,"installTelemetryInfo":null,"location":"app-system-defaults"}&#13;
1548937590106	addons.xpi-utils	DEBUG	Updating add-on states&#13;
1548937590108	addons.xpi	DEBUG	Calling bootstrap method startup on formautofill@mozilla.org version 1.0&#13;
1548937590109	addons.xpi	DEBUG	Calling bootstrap method startup on screenshots@mozilla.org version 35.0.0&#13;
1548937590109	addons.xpi	DEBUG	Calling bootstrap method startup on webcompat@mozilla.org version 3.0.0&#13;
1548937590110	addons.manager	DEBUG	Registering shutdown blocker for XPIProvider&#13;
1548937590110	addons.manager	DEBUG	Provider finished startup: XPIProvider&#13;
1548937590110	addons.manager	DEBUG	Starting provider: LightweightThemeManager&#13;
1548937590110	addons.manager	DEBUG	Registering shutdown blocker for LightweightThemeManager&#13;
1548937590110	addons.manager	DEBUG	Provider finished startup: LightweightThemeManager&#13;
1548937590111	addons.manager	DEBUG	Starting provider: GMPProvider&#13;
1548937590112	addons.manager	DEBUG	Registering shutdown blocker for GMPProvider&#13;
1548937590112	addons.manager	DEBUG	Provider finished startup: GMPProvider&#13;
1548937590112	addons.manager	DEBUG	Starting provider: PluginProvider&#13;
1548937590112	addons.manager	DEBUG	Registering shutdown blocker for PluginProvider&#13;
1548937590112	addons.manager	DEBUG	Provider finished startup: PluginProvider&#13;
1548937590114	addons.manager	DEBUG	Completed startup sequence&#13;
1548937590545	addons.repository	DEBUG	No addons.json found.&#13;
1548937590847	addons.manager	DEBUG	Registering upgrade listener for formautofill@mozilla.org&#13;
1548937590873	addons.xpi	DEBUG	Ignoring file: name is not a valid add-on ID: C:\Users\AChernousov\AppData\Local\Temp\anonymous8205030145523728333webdriver-profile\extensions\webdriver-staging&#13;
1548937590873	addons.xpi	DEBUG	Existing add-on formautofill@mozilla.org in app-system-defaults&#13;
1548937590873	addons.xpi	DEBUG	Existing add-on screenshots@mozilla.org in app-system-defaults&#13;
1548937590874	addons.xpi	DEBUG	Existing add-on webcompat-reporter@mozilla.org in app-system-defaults&#13;
1548937590874	addons.xpi	DEBUG	Existing add-on webcompat@mozilla.org in app-system-defaults&#13;
1548937590874	addons.xpi	DEBUG	scanForChanges changed: false, state: {}&#13;
JavaScript error: resource://gre/modules/addons/XPIProvider.jsm, line 2625: TypeError: addon is null&#13;
JavaScript error: resource://devtools/client/shared/vendor/react-dom.js, line 33: Error: Minified React error #31; visit https://reactjs.org/docs/error-decoder.html?invariant=31&amp;args[]=object%20with%20keys%20%7Btype%2C%20initial%2C%20length%2C%20actor%7D&amp;args[]= for the full message or use the non-minified dev environment for full errors and additional helpful warnings. &#13;

Build info: version: '2.53.1', revision: 'a36b8b1cd5757287168e54b817830adce9b0158d', time: '2016-06-30 19:26:09'
System info: host: 'WSACHERNOUSOV', ip: '169.254.183.166', os.name: 'Windows 10', os.arch: 'amd64', os.version: '10.0', java.version: '1.8.0_191'
Driver info: driver.version: FirefoxDriver&#13;
ru.mail.propre.features.authentication.WhenAuthenticating.shouldBeAbleToLoginAsAdmin(WhenAuthenticating.java:33)&#13;
</system-err></testcase></testsuite>